POST /api/persons 200 52 - 1.885 ms
POST /api/persons 403 33 - 0.912 ms
POST /api/persons 403 33 - 0.417 ms
POST /api/persons 403 33 - 0.368 ms
POST /api/persons 200 52 - 1.542 ms
POST /api/persons 403 33 - 0.893 ms
POST /api/persons 403 33 - 0.329 ms
POST /api/persons 403 33 - 0.327 ms
POST /api/persons 200 52 - 4.547 ms
POST /api/persons 200 52 - 1.860 ms
POST /api/persons 403 33 - 0.791 ms
POST /api/persons 200 51 - 1.550 ms
POST /api/persons 200 52 - 1.675 ms
tiny /api/persons {"name":"Reube","number":"040-12332534243"}
tiny /api/persons {"name":"Reube","number":"040-12332534243"}
tiny /api/persons {"name":"Reube","number":"040-12332534243"}
tiny /api/persons {"name":"Reube","number":"040-12332534243"}
GET tiny /api/persons 200 {"name":"Reube","number":"040-12332534243"} 1.56
tiny GET /api/persons 223 200 1.32 ms {"name":"Reube","number":"040-12332534243"} 
GET /api/persons 223 200 4.58 ms {"name":"Reube","number":"040-12332534243"} 
POST /api/persons 52 200 0.66 ms {"name":"Reube","number":"040-12332534243"} 
